# JRE version: OpenJDK Runtime Environment Temurin-17.0.3+7 (17.0.3+7) (build 17.0.3+7)
# Java VM: OpenJDK 64-Bit Server VM Temurin-17.0.3+7 (17.0.3+7, mixed mode, emulated-client, tiered, compressed oops, compressed class ptrs, g1 gc, windows-amd64)
GC Precious Log:
 CPUs: 8 total, 8 available
 Memory: 32520M
 Large Page Support: Disabled
 NUMA Support: Disabled
 Compressed Oops: Enabled (Zero based)
 Heap Region Size: 4M
 Heap Min Capacity: 8M
 Heap Initial Capacity: 512M
 Heap Max Capacity: 8132M
 Pre-touch: Disabled
 Parallel Workers: 8
 Concurrent Workers: 2
 Concurrent Refinement Workers: 8
 Periodic GC: Disabled
Heap:
 garbage-first heap   total 311296K, used 75811K [0x0000000603c00000, 0x0000000800000000)
  region size 4096K, 15 young (61440K), 2 survivors (8192K)
 Metaspace       used 69379K, committed 69824K, reserved 1114112K
  class space    used 9159K, committed 9344K, reserved 1048576K
GC Heap History (20 events):
Event: 1.283 GC heap before
{Heap before GC invocations=5 (full 0):
 garbage-first heap   total 57344K, used 13698K [0x0000000603c00000, 0x0000000800000000)
  region size 4096K, 2 young (8192K), 1 survivors (4096K)
 Metaspace       used 24428K, committed 24704K, reserved 1073152K
  class space    used 2771K, committed 2880K, reserved 1048576K
}
Event: 1.286 GC heap after
{Heap after GC invocations=6 (full 0):
 garbage-first heap   total 57344K, used 9504K [0x0000000603c00000, 0x0000000800000000)
  region size 4096K, 1 young (4096K), 1 survivors (4096K)
 Metaspace       used 24428K, committed 24704K, reserved 1073152K
  class space    used 2771K, committed 2880K, reserved 1048576K
}
Event: 1.359 GC heap before
{Heap before GC invocations=6 (full 0):
 garbage-first heap   total 57344K, used 34080K [0x0000000603c00000, 0x0000000800000000)
  region size 4096K, 7 young (28672K), 1 survivors (4096K)
 Metaspace       used 26603K, committed 26880K, reserved 1073152K
  class space    used 3056K, committed 3200K, reserved 1048576K
}
Event: 1.362 GC heap after
{Heap after GC invocations=7 (full 0):
 garbage-first heap   total 290816K, used 9837K [0x0000000603c00000, 0x0000000800000000)
  region size 4096K, 1 young (4096K), 1 survivors (4096K)
 Metaspace       used 26603K, committed 26880K, reserved 1073152K
  class space    used 3056K, committed 3200K, reserved 1048576K
}
Event: 2.501 GC heap before
{Heap before GC invocations=7 (full 0):
 garbage-first heap   total 290816K, used 145005K [0x0000000603c00000, 0x0000000800000000)
  region size 4096K, 35 young (143360K), 1 survivors (4096K)
 Metaspace       used 35761K, committed 36096K, reserved 1081344K
  class space    used 4412K, committed 4608K, reserved 1048576K
}
Event: 2.508 GC heap after
{Heap after GC invocations=8 (full 0):
 garbage-first heap   total 290816K, used 14763K [0x0000000603c00000, 0x0000000800000000)
  region size 4096K, 2 young (8192K), 2 survivors (8192K)
 Metaspace       used 35761K, committed 36096K, reserved 1081344K
  class space    used 4412K, committed 4608K, reserved 1048576K
}
Event: 2.846 GC heap before
{Heap before GC invocations=9 (full 0):
 garbage-first heap   total 69632K, used 55723K [0x0000000603c00000, 0x0000000800000000)
  region size 4096K, 12 young (49152K), 2 survivors (8192K)
 Metaspace       used 39055K, committed 39424K, reserved 1089536K
  class space    used 4791K, committed 4992K, reserved 1048576K
}
Event: 2.853 GC heap after
{Heap after GC invocations=10 (full 0):
 garbage-first heap   total 69632K, used 17260K [0x0000000603c00000, 0x0000000800000000)
  region size 4096K, 1 young (4096K), 1 survivors (4096K)
 Metaspace       used 39055K, committed 39424K, reserved 1089536K
  class space    used 4791K, committed 4992K, reserved 1048576K
}
Event: 2.892 GC heap before
{Heap before GC invocations=10 (full 0):
 garbage-first heap   total 69632K, used 21356K [0x0000000603c00000, 0x0000000800000000)
  region size 4096K, 2 young (8192K), 1 survivors (4096K)
 Metaspace       used 39442K, committed 39808K, reserved 1089536K
  class space    used 4841K, committed 4992K, reserved 1048576K
}
Event: 2.896 GC heap after
{Heap after GC invocations=11 (full 0):
 garbage-first heap   total 69632K, used 17585K [0x0000000603c00000, 0x0000000800000000)
  region size 4096K, 1 young (4096K), 1 survivors (4096K)
 Metaspace       used 39442K, committed 39808K, reserved 1089536K
  class space    used 4841K, committed 4992K, reserved 1048576K
}
Event: 3.116 GC heap before
{Heap before GC invocations=11 (full 0):
 garbage-first heap   total 69632K, used 50353K [0x0000000603c00000, 0x0000000800000000)
  region size 4096K, 9 young (36864K), 1 survivors (4096K)
 Metaspace       used 42394K, committed 42752K, reserved 1089536K
  class space    used 5236K, committed 5376K, reserved 1048576K
}
Event: 3.119 GC heap after
{Heap after GC invocations=12 (full 0):
 garbage-first heap   total 299008K, used 18236K [0x0000000603c00000, 0x0000000800000000)
  region size 4096K, 1 young (4096K), 1 survivors (4096K)
 Metaspace       used 42394K, committed 42752K, reserved 1089536K
  class space    used 5236K, committed 5376K, reserved 1048576K
}
Event: 4.315 GC heap before
{Heap before GC invocations=12 (full 0):
 garbage-first heap   total 299008K, used 182076K [0x0000000603c00000, 0x0000000800000000)
  region size 4096K, 42 young (172032K), 1 survivors (4096K)
 Metaspace       used 60010K, committed 60416K, reserved 1105920K
  class space    used 7848K, committed 8064K, reserved 1048576K
}
Event: 4.321 GC heap after
{Heap after GC invocations=13 (full 0):
 garbage-first heap   total 299008K, used 22532K [0x0000000603c00000, 0x0000000800000000)
  region size 4096K, 2 young (8192K), 2 survivors (8192K)
 Metaspace       used 60010K, committed 60416K, reserved 1105920K
  class space    used 7848K, committed 8064K, reserved 1048576K
}
Event: 4.687 GC heap before
{Heap before GC invocations=14 (full 0):
 garbage-first heap   total 98304K, used 71684K [0x0000000603c00000, 0x0000000800000000)
  region size 4096K, 14 young (57344K), 2 survivors (8192K)
 Metaspace       used 63516K, committed 63872K, reserved 1105920K
  class space    used 8354K, committed 8512K, reserved 1048576K
}
Event: 4.693 GC heap after
{Heap after GC invocations=15 (full 0):
 garbage-first heap   total 98304K, used 24544K [0x0000000603c00000, 0x0000000800000000)
  region size 4096K, 1 young (4096K), 1 survivors (4096K)
 Metaspace       used 63516K, committed 63872K, reserved 1105920K
  class space    used 8354K, committed 8512K, reserved 1048576K
}
Event: 4.734 GC heap before
{Heap before GC invocations=15 (full 0):
 garbage-first heap   total 98304K, used 28640K [0x0000000603c00000, 0x0000000800000000)
  region size 4096K, 2 young (8192K), 1 survivors (4096K)
 Metaspace       used 63996K, committed 64384K, reserved 1105920K
  class space    used 8415K, committed 8576K, reserved 1048576K
}
Event: 4.737 GC heap after
{Heap after GC invocations=16 (full 0):
 garbage-first heap   total 98304K, used 24296K [0x0000000603c00000, 0x0000000800000000)
  region size 4096K, 1 young (4096K), 1 survivors (4096K)
 Metaspace       used 63996K, committed 64384K, reserved 1105920K
  class space    used 8415K, committed 8576K, reserved 1048576K
}
Event: 5.183 GC heap before
{Heap before GC invocations=16 (full 0):
 garbage-first heap   total 98304K, used 73448K [0x0000000603c00000, 0x0000000800000000)
  region size 4096K, 13 young (53248K), 1 survivors (4096K)
 Metaspace       used 66890K, committed 67392K, reserved 1114112K
  class space    used 8845K, committed 9088K, reserved 1048576K
}
Event: 5.187 GC heap after
{Heap after GC invocations=17 (full 0):
 garbage-first heap   total 311296K, used 26659K [0x0000000603c00000, 0x0000000800000000)
  region size 4096K, 2 young (8192K), 2 survivors (8192K)
 Metaspace       used 66890K, committed 67392K, reserved 1114112K
  class space    used 8845K, committed 9088K, reserved 1048576K
}

